 Container clinic-dast-db-1 Running 
 Container clinic-dast-backend-1 Running 
 Container clinic-dast-frontend-1 Running 
 Container clinic-dast-db-1 Waiting 
 Container clinic-dast-db-1 Healthy 
 Container clinic-dast-zap-run-ee26a1c50a32 Creating 
 Container clinic-dast-zap-run-ee26a1c50a32 Created 
Found Java version 17.0.18
Available memory: 15142 MB
Using JVM args: -Xmx3785m
997 [main] INFO  org.parosproxy.paros.Constant - Copying default configuration to /home/zap/.ZAP/config.xml
1232 [main] INFO  org.parosproxy.paros.Constant - Creating directory /home/zap/.ZAP/session
1233 [main] INFO  org.parosproxy.paros.Constant - Creating directory /home/zap/.ZAP/dirbuster
1233 [main] INFO  org.parosproxy.paros.Constant - Creating direcjustory /home/zap/.ZAP/fuzzers
1234 [main] INFO  org.parosproxy.paros.Constant - Creating directory /home/zap/.ZAP/plugin
Mar 31, 2026 3:04:21 PM java.util.prefs.FileSystemPreferences$1 run
INFO: Created user preferences directory.
Job passiveScan-config set scanOnlyInScope = true
Job passiveScan-config set maxAlertsPerRule = 10
Job passiveScan-config set enableTags = false
Job spider set context = Clinic Management App
Job spider set url = http://frontend:5173/
Job spider set maxDuration = 2
Job spider set maxDepth = 5
Job spider set maxChildren = 20
Job spider set context = Clinic Management App
Job spider set url = http://frontend:5173/patients
Job spider set maxDuration = 2
Job spider set maxDepth = 5
Job spider set maxChildren = 20
Job spider set context = Clinic Management App
Job spider set url = http://frontend:5173/appointments
Job spider set maxDuration = 2
Job spider set maxDepth = 5
Job spider set maxChildren = 20
Job spider set context = Clinic Management App
Job spider set url = http://backend:8080/api/patients
Job spider set maxDuration = 2
Job spider set maxDepth = 5
Job spider set maxChildren = 20
Job spider set context = Clinic Management App
Job spider set url = http://backend:8080/api/appointments
Job spider set maxDuration = 2
Job spider set maxDepth = 5
Job spider set maxChildren = 20
Job passiveScan-wait set maxDuration = 5
Job activeScan set context = Clinic Management App
Job activeScan set url = http://backend:8080/api/patients
Job activeScan set maxRuleDurationInMins = 3
Job activeScan set maxScanDurationInMins = 15
Job activeScan set threadPerHost = 2
Job activeScan set addQueryParam = false
Job activeScan set defaultStrength = MEDIUM
Job activeScan set defaultThreshold = MEDIUM
Job activeScan set context = Clinic Management App
Job activeScan set url = http://backend:8080/api/patients
Job activeScan set maxRuleDurationInMins = 3
Job activeScan set maxScanDurationInMins = 10
Job activeScan set threadPerHost = 2
Job activeScan set addQueryParam = true
Job activeScan set defaultStrength = MEDIUM
Job activeScan set defaultThreshold = MEDIUM
Job activeScan set context = Clinic Management App
Job activeScan set url = http://backend:8080/api/appointments
Job activeScan set maxRuleDurationInMins = 3
Job activeScan set maxScanDurationInMins = 15
Job activeScan set threadPerHost = 2
Job activeScan set addQueryParam = false
Job activeScan set defaultStrength = MEDIUM
Job activeScan set defaultThreshold = MEDIUM
Job activeScan set context = Clinic Management App
Job activeScan set url = http://backend:8080/api/appointments?patientName=Nightly&status=SCHEDULED&specialty=Cardiology&date=2026-04-01
Job activeScan set maxRuleDurationInMins = 3
Job activeScan set maxScanDurationInMins = 10
Job activeScan set threadPerHost = 2
Job activeScan set addQueryParam = true
Job activeScan set defaultStrength = MEDIUM
Job activeScan set defaultThreshold = MEDIUM
Job report set template = traditional-html
Job report set reportDir = /zap/wrk
Job report set reportFile = zap-report.html
Job report set reportTitle = DAST Scan - Clinic Management App
Job report set reportDescription = Local OWASP ZAP scan for the clinic management application
Job report set displayReport = false
Job report set template = sarif-json
Job report set reportDir = /zap/wrk
Job report set reportFile = zap-report.sarif
Job report set reportTitle = DAST Scan - Clinic Management App
Job report set reportDescription = SARIF report for code scanning ingestion
Job report set displayReport = false
Job report set template = traditional-json
Job report set reportDir = /zap/wrk
Job report set reportFile = zap-report.json
Job report set reportTitle = DAST Scan - Clinic Management App
Job report set displayReport = false
Job passiveScan-config started
Job passiveScan-config finished, time taken: 00:00:00
Job spider started
Job spider requesting URL http://frontend:5173/
Job spider requesting URL http://frontend:5173/patients
Job spider requesting URL http://frontend:5173/appointments
Job spider requesting URL http://backend:8080/api/patients
Job spider requesting URL http://backend:8080/api/patients/1
Job spider requesting URL http://backend:8080/api/patients/2
Job spider requesting URL http://backend:8080/api/appointments
Job spider requesting URL http://backend:8080/api/appointments/1
Job spider requesting URL http://backend:8080/api/appointments/2
Job spider requesting URL http://backend:8080/api/appointments?patientName=Nightly
Job spider requesting URL http://backend:8080/api/appointments?status=SCHEDULED
Job spider requesting URL http://backend:8080/api/appointments?specialty=Cardiology
Job spider requesting URL http://backend:8080/api/appointments?date=2026-04-01
Job spider found 20 URLs
Job spider finished, time taken: 00:00:01
Job spider started
Job spider requesting URL http://frontend:5173/
Job spider requesting URL http://frontend:5173/patients
Job spider requesting URL http://frontend:5173/appointments
Job spider requesting URL http://backend:8080/api/patients
Job spider requesting URL http://backend:8080/api/patients/1
Job spider requesting URL http://backend:8080/api/patients/2
Job spider requesting URL http://backend:8080/api/appointments
Job spider requesting URL http://backend:8080/api/appointments/1
Job spider requesting URL http://backend:8080/api/appointments/2
Job spider requesting URL http://backend:8080/api/appointments?patientName=Nightly
Job spider requesting URL http://backend:8080/api/appointments?status=SCHEDULED
Job spider requesting URL http://backend:8080/api/appointments?specialty=Cardiology
Job spider requesting URL http://backend:8080/api/appointments?date=2026-04-01
Job spider found 20 URLs
Job spider finished, time taken: 00:00:01
Job spider started
Job spider requesting URL http://frontend:5173/
Job spider requesting URL http://frontend:5173/patients
Job spider requesting URL http://frontend:5173/appointments
Job spider requesting URL http://backend:8080/api/patients
Job spider requesting URL http://backend:8080/api/patients/1
Job spider requesting URL http://backend:8080/api/patients/2
Job spider requesting URL http://backend:8080/api/appointments
Job spider requesting URL http://backend:8080/api/appointments/1
Job spider requesting URL http://backend:8080/api/appointments/2
Job spider requesting URL http://backend:8080/api/appointments?patientName=Nightly
Job spider requesting URL http://backend:8080/api/appointments?status=SCHEDULED
Job spider requesting URL http://backend:8080/api/appointments?specialty=Cardiology
Job spider requesting URL http://backend:8080/api/appointments?date=2026-04-01
Job spider found 20 URLs
Job spider finished, time taken: 00:00:01
Job spider started
Job spider requesting URL http://frontend:5173/
Job spider requesting URL http://frontend:5173/patients
Job spider requesting URL http://frontend:5173/appointments
Job spider requesting URL http://backend:8080/api/patients
Job spider requesting URL http://backend:8080/api/patients/1
Job spider requesting URL http://backend:8080/api/patients/2
Job spider requesting URL http://backend:8080/api/appointments
Job spider requesting URL http://backend:8080/api/appointments/1
Job spider requesting URL http://backend:8080/api/appointments/2
Job spider requesting URL http://backend:8080/api/appointments?patientName=Nightly
Job spider requesting URL http://backend:8080/api/appointments?status=SCHEDULED
Job spider requesting URL http://backend:8080/api/appointments?specialty=Cardiology
Job spider requesting URL http://backend:8080/api/appointments?date=2026-04-01
Job spider found 20 URLs
Job spider finished, time taken: 00:00:00
Job spider started
Job spider requesting URL http://frontend:5173/
Job spider requesting URL http://frontend:5173/patients
Job spider requesting URL http://frontend:5173/appointments
Job spider requesting URL http://backend:8080/api/patients
Job spider requesting URL http://backend:8080/api/patients/1
Job spider requesting URL http://backend:8080/api/patients/2
Job spider requesting URL http://backend:8080/api/appointments
Job spider requesting URL http://backend:8080/api/appointments/1
Job spider requesting URL http://backend:8080/api/appointments/2
Job spider requesting URL http://backend:8080/api/appointments?patientName=Nightly
Job spider requesting URL http://backend:8080/api/appointments?status=SCHEDULED
Job spider requesting URL http://backend:8080/api/appointments?specialty=Cardiology
Job spider requesting URL http://backend:8080/api/appointments?date=2026-04-01
Job spider found 20 URLs
Job spider finished, time taken: 00:00:00
Job passiveScan-wait started
Job passiveScan-wait finished, time taken: 00:00:01
Job activeScan started
Job activeScan set default strength to MEDIUM
Job activeScan set default threshold to MEDIUM
Job activeScan set rule 40018 strength to HIGH
Job activeScan set rule 40018 threshold to LOW
Job activeScan set rule 40019 strength to HIGH
Job activeScan set rule 40019 threshold to LOW
Job activeScan set rule 40012 strength to HIGH
Job activeScan set rule 40012 threshold to LOW
Job activeScan set rule 90019 strength to HIGH
Job activeScan set rule 90019 threshold to MEDIUM
Job activeScan set rule 7 strength to HIGH
Job activeScan set rule 7 threshold to LOW
Job activeScan finished, time taken: 00:00:24
Job activeScan started
Job activeScan set default strength to MEDIUM
Job activeScan set default threshold to MEDIUM
Job activeScan set rule 40018 strength to HIGH
Job activeScan set rule 40018 threshold to LOW
Job activeScan set rule 40019 strength to HIGH
Job activeScan set rule 40019 threshold to LOW
Job activeScan set rule 40012 strength to HIGH
Job activeScan set rule 40012 threshold to LOW
Job activeScan set rule 90019 strength to HIGH
Job activeScan set rule 90019 threshold to MEDIUM
Job activeScan set rule 7 strength to HIGH
Job activeScan set rule 7 threshold to LOW
Job activeScan finished, time taken: 00:00:34
Job activeScan started
Job activeScan set default strength to MEDIUM
Job activeScan set default threshold to MEDIUM
Job activeScan set rule 40018 strength to HIGH
Job activeScan set rule 40018 threshold to LOW
Job activeScan set rule 40019 strength to HIGH
Job activeScan set rule 40019 threshold to LOW
Job activeScan set rule 40012 strength to HIGH
Job activeScan set rule 40012 threshold to LOW
Job activeScan set rule 90019 strength to HIGH
Job activeScan set rule 90019 threshold to MEDIUM
Job activeScan set rule 7 strength to HIGH
Job activeScan set rule 7 threshold to LOW
Job activeScan finished, time taken: 00:00:19
Job activeScan started
Job activeScan set default strength to MEDIUM
Job activeScan set default threshold to MEDIUM
Job activeScan set rule 40018 strength to HIGH
Job activeScan set rule 40018 threshold to LOW
Job activeScan set rule 40019 strength to HIGH
Job activeScan set rule 40019 threshold to LOW
Job activeScan set rule 40012 strength to HIGH
Job activeScan set rule 40012 threshold to LOW
Job activeScan set rule 90019 strength to HIGH
Job activeScan set rule 90019 threshold to MEDIUM
Job activeScan set rule 7 strength to HIGH
Job activeScan set rule 7 threshold to LOW
Job activeScan finished, time taken: 00:00:27
Job report started
Job report generated report /zap/wrk/zap-report.html
Job report finished, time taken: 00:00:00
Job report started
Job report generated report /zap/wrk/zap-report.sarif.json
Job report finished, time taken: 00:00:00
Job report started
Job report generated report /zap/wrk/zap-report.json
Job report finished, time taken: 00:00:00
Automation plan succeeded!
