\BOOKMARK [-1][-]{part.1}{\376\377\000I\000\040\000P\000a\000r\000t\000\040\0001\000\040\040\023\000\040\000S\000e\000c\000u\000r\000i\000t\000y\000\040\000A\000s\000s\000e\000s\000s\000m\000e\000n\000t\000\040\000\046\000\040\000T\000o\000o\000l\000i\000n\000g\000\040\000S\000e\000t\000u\000p}{}% 1
\BOOKMARK [0][-]{chapter.1}{\376\377\000T\000h\000r\000e\000a\000t\000\040\000M\000o\000d\000e\000l\000l\000i\000n\000g\000\040\040\023\000\040\000C\000o\000n\000t\000e\000x\000t\000\040\000a\000n\000d\000\040\000O\000b\000j\000e\000c\000t\000i\000v\000e\000s}{part.1}% 2
\BOOKMARK [1][-]{section.1.1}{\376\377\000S\000y\000s\000t\000e\000m\000\040\000D\000e\000s\000c\000r\000i\000p\000t\000i\000o\000n}{chapter.1}% 3
\BOOKMARK [1][-]{section.1.2}{\376\377\000A\000s\000s\000e\000t\000s}{chapter.1}% 4
\BOOKMARK [1][-]{section.1.3}{\376\377\000T\000r\000u\000s\000t\000\040\000B\000o\000u\000n\000d\000a\000r\000i\000e\000s}{chapter.1}% 5
\BOOKMARK [1][-]{section.1.4}{\376\377\000D\000a\000t\000a\000\040\000F\000l\000o\000w\000\040\000D\000i\000a\000g\000r\000a\000m\000s}{chapter.1}% 6
\BOOKMARK [2][-]{subsection.1.4.1}{\376\377\000D\000F\000D\000\040\000N\000o\000t\000a\000t\000i\000o\000n}{section.1.4}% 7
\BOOKMARK [2][-]{subsection.1.4.2}{\376\377\000L\000e\000v\000e\000l\000\040\0000\000\040\040\023\000\040\000C\000o\000n\000t\000e\000x\000t\000\040\000D\000i\000a\000g\000r\000a\000m}{section.1.4}% 8
\BOOKMARK [2][-]{subsection.1.4.3}{\376\377\000L\000e\000v\000e\000l\000\040\0001\000\040\040\023\000\040\000S\000y\000s\000t\000e\000m\000\040\000D\000e\000c\000o\000m\000p\000o\000s\000i\000t\000i\000o\000n}{section.1.4}% 9
\BOOKMARK [2][-]{subsection.1.4.4}{\376\377\000L\000e\000v\000e\000l\000\040\0002\000\040\040\023\000\040\000D\000e\000t\000a\000i\000l\000e\000d\000\040\000V\000i\000e\000w\000\040\000o\000f\000\040\000A\000p\000p\000o\000i\000n\000t\000m\000e\000n\000t\000\040\000C\000r\000e\000a\000t\000i\000o\000n}{section.1.4}% 10
\BOOKMARK [1][-]{section.1.5}{\376\377\000A\000p\000p\000r\000o\000a\000c\000h}{chapter.1}% 11
\BOOKMARK [1][-]{section.1.6}{\376\377\000L\000I\000N\000D\000D\000U\000N\000\040\000A\000n\000a\000l\000y\000s\000i\000s}{chapter.1}% 12
\BOOKMARK [1][-]{section.1.7}{\376\377\000S\000T\000R\000I\000D\000E\000\040\000T\000h\000r\000e\000a\000t\000\040\000A\000n\000a\000l\000y\000s\000i\000s}{chapter.1}% 13
\BOOKMARK [2][-]{subsection.1.7.1}{\376\377\000S\000p\000o\000o\000f\000i\000n\000g}{section.1.7}% 14
\BOOKMARK [2][-]{subsection.1.7.2}{\376\377\000T\000a\000m\000p\000e\000r\000i\000n\000g}{section.1.7}% 15
\BOOKMARK [2][-]{subsection.1.7.3}{\376\377\000R\000e\000p\000u\000d\000i\000a\000t\000i\000o\000n}{section.1.7}% 16
\BOOKMARK [2][-]{subsection.1.7.4}{\376\377\000I\000n\000f\000o\000r\000m\000a\000t\000i\000o\000n\000\040\000D\000i\000s\000c\000l\000o\000s\000u\000r\000e}{section.1.7}% 17
\BOOKMARK [2][-]{subsection.1.7.5}{\376\377\000D\000e\000n\000i\000a\000l\000\040\000o\000f\000\040\000S\000e\000r\000v\000i\000c\000e}{section.1.7}% 18
\BOOKMARK [2][-]{subsection.1.7.6}{\376\377\000E\000l\000e\000v\000a\000t\000i\000o\000n\000\040\000o\000f\000\040\000P\000r\000i\000v\000i\000l\000e\000g\000e}{section.1.7}% 19
\BOOKMARK [1][-]{section.1.8}{\376\377\000A\000b\000u\000s\000e\000\040\000C\000a\000s\000e\000s}{chapter.1}% 20
\BOOKMARK [1][-]{section.1.9}{\376\377\000A\000t\000t\000a\000c\000k\000\040\000T\000r\000e\000e\000s}{chapter.1}% 21
\BOOKMARK [0][-]{chapter.2}{\376\377\000S\000A\000S\000T\000\040\040\023\000\040\000S\000t\000a\000t\000i\000c\000\040\000A\000p\000p\000l\000i\000c\000a\000t\000i\000o\000n\000\040\000S\000e\000c\000u\000r\000i\000t\000y\000\040\000T\000e\000s\000t\000i\000n\000g}{part.1}% 22
\BOOKMARK [1][-]{section.2.1}{\376\377\000O\000b\000j\000e\000c\000t\000i\000v\000e\000s}{chapter.2}% 23
\BOOKMARK [1][-]{section.2.2}{\376\377\000S\000c\000o\000p\000e}{chapter.2}% 24
\BOOKMARK [1][-]{section.2.3}{\376\377\000T\000h\000r\000e\000e\000-\000L\000e\000v\000e\000l\000\040\000S\000A\000S\000T\000\040\000S\000t\000r\000a\000t\000e\000g\000y}{chapter.2}% 25
\BOOKMARK [2][-]{subsection.2.3.1}{\376\377\000P\000r\000e\000-\000C\000o\000m\000m\000i\000t\000\040\000L\000e\000v\000e\000l}{section.2.3}% 26
\BOOKMARK [2][-]{subsection.2.3.2}{\376\377\000P\000u\000l\000l\000\040\000R\000e\000q\000u\000e\000s\000t\000\040\000L\000e\000v\000e\000l}{section.2.3}% 27
\BOOKMARK [2][-]{subsection.2.3.3}{\376\377\000N\000i\000g\000h\000t\000l\000y\000\040\000L\000e\000v\000e\000l}{section.2.3}% 28
\BOOKMARK [1][-]{section.2.4}{\376\377\000W\000h\000y\000\040\000t\000h\000e\000\040\000T\000h\000r\000e\000e\000\040\000L\000e\000v\000e\000l\000s\000\040\000M\000a\000t\000t\000e\000r}{chapter.2}% 29
\BOOKMARK [1][-]{section.2.5}{\376\377\000S\000t\000r\000e\000n\000g\000t\000h\000s\000\040\000a\000n\000d\000\040\000L\000i\000m\000i\000t\000a\000t\000i\000o\000n\000s}{chapter.2}% 30
\BOOKMARK [1][-]{section.2.6}{\376\377\000R\000e\000s\000u\000l\000t\000s}{chapter.2}% 31
\BOOKMARK [2][-]{subsection.2.6.1}{\376\377\000P\000r\000e\000-\000C\000o\000m\000m\000i\000t\000\040\000R\000e\000s\000u\000l\000t\000s}{section.2.6}% 32
\BOOKMARK [2][-]{subsection.2.6.2}{\376\377\000P\000u\000l\000l\000\040\000R\000e\000q\000u\000e\000s\000t\000\040\000R\000e\000s\000u\000l\000t\000s}{section.2.6}% 33
\BOOKMARK [2][-]{subsection.2.6.3}{\376\377\000N\000i\000g\000h\000t\000l\000y\000\040\000R\000e\000s\000u\000l\000t\000s}{section.2.6}% 34
\BOOKMARK [0][-]{chapter.3}{\376\377\000D\000y\000n\000a\000m\000i\000c\000\040\000A\000p\000p\000l\000i\000c\000a\000t\000i\000o\000n\000\040\000S\000e\000c\000u\000r\000i\000t\000y\000\040\000T\000e\000s\000t\000i\000n\000g\000\040\000\050\000D\000A\000S\000T\000\051}{part.1}% 35
\BOOKMARK [1][-]{section.3.1}{\376\377\000O\000v\000e\000r\000v\000i\000e\000w}{chapter.3}% 36
\BOOKMARK [1][-]{section.3.2}{\376\377\000O\000b\000j\000e\000c\000t\000i\000v\000e\000s}{chapter.3}% 37
\BOOKMARK [1][-]{section.3.3}{\376\377\000S\000c\000o\000p\000e}{chapter.3}% 38
\BOOKMARK [1][-]{section.3.4}{\376\377\000T\000w\000o\000-\000L\000e\000v\000e\000l\000\040\000D\000A\000S\000T\000\040\000S\000t\000r\000a\000t\000e\000g\000y}{chapter.3}% 39
\BOOKMARK [2][-]{subsection.3.4.1}{\376\377\000P\000u\000l\000l\000\040\000R\000e\000q\000u\000e\000s\000t\000\040\000L\000e\000v\000e\000l}{section.3.4}% 40
\BOOKMARK [2][-]{subsection.3.4.2}{\376\377\000N\000i\000g\000h\000t\000l\000y\000\040\000L\000e\000v\000e\000l}{section.3.4}% 41
\BOOKMARK [2][-]{subsection.3.4.3}{\376\377\000W\000h\000y\000\040\000t\000h\000e\000\040\000T\000w\000o\000\040\000L\000e\000v\000e\000l\000s\000\040\000M\000a\000t\000t\000e\000r}{section.3.4}% 42
\BOOKMARK [1][-]{section.3.5}{\376\377\000R\000u\000n\000t\000i\000m\000e\000\040\000E\000n\000v\000i\000r\000o\000n\000m\000e\000n\000t\000\040\000a\000n\000d\000\040\000T\000o\000o\000l\000i\000n\000g}{chapter.3}% 43
\BOOKMARK [1][-]{section.3.6}{\376\377\000S\000t\000r\000e\000n\000g\000t\000h\000s\000\040\000a\000n\000d\000\040\000L\000i\000m\000i\000t\000a\000t\000i\000o\000n\000s}{chapter.3}% 44
\BOOKMARK [1][-]{section.3.7}{\376\377\000R\000e\000s\000u\000l\000t\000s}{chapter.3}% 45
\BOOKMARK [2][-]{subsection.3.7.1}{\376\377\000P\000u\000l\000l\000\040\000R\000e\000q\000u\000e\000s\000t\000\040\000R\000e\000s\000u\000l\000t\000s}{section.3.7}% 46
\BOOKMARK [2][-]{subsection.3.7.2}{\376\377\000N\000i\000g\000h\000t\000l\000y\000\040\000R\000e\000s\000u\000l\000t\000s}{section.3.7}% 47
\BOOKMARK [-1][-]{part.2}{\376\377\000I\000I\000\040\000P\000a\000r\000t\000\040\0002\000\040\040\023\000\040\000F\000i\000x\000i\000n\000g\000\040\000I\000s\000s\000u\000e\000s\000\040\000\046\000\040\000F\000u\000t\000u\000r\000e\000\040\000D\000e\000v\000e\000l\000o\000p\000m\000e\000n\000t}{}% 48
\BOOKMARK [0][-]{section.3.8}{\376\377\000U\000p\000d\000a\000t\000e\000d\000\040\000D\000a\000t\000a\000\040\000F\000l\000o\000w\000\040\000D\000i\000a\000g\000r\000a\000m\000s}{part.2}% 49
\BOOKMARK [1][-]{subsection.3.8.1}{\376\377\000L\000e\000v\000e\000l\000\040\0000\000:\000\040\000S\000y\000s\000t\000e\000m\000\040\000C\000o\000n\000t\000e\000x\000t}{section.3.8}% 50
\BOOKMARK [2][-]{subsection.3.8.2}{\376\377\000L\000e\000v\000e\000l\000\040\0001\000:\000\040\000D\000e\000t\000a\000i\000l\000e\000d\000\040\000D\000a\000t\000a\000\040\000F\000l\000o\000w\000s}{subsection.3.8.1}% 51
\BOOKMARK [2][-]{subsection.3.8.3}{\376\377\000L\000e\000v\000e\000l\000\040\0002\000:\000\040\000A\000u\000t\000h\000e\000n\000t\000i\000c\000a\000t\000i\000o\000n\000\040\000a\000n\000d\000\040\000A\000u\000t\000h\000o\000r\000i\000z\000a\000t\000i\000o\000n\000\040\000S\000e\000q\000u\000e\000n\000c\000e}{subsection.3.8.1}% 52
\BOOKMARK [1][-]{section.3.9}{\376\377\000A\000u\000t\000h\000e\000n\000t\000i\000c\000a\000t\000i\000o\000n\000\040\000\046\000\040\000I\000d\000e\000n\000t\000i\000t\000y\000\040\000M\000a\000n\000a\000g\000e\000m\000e\000n\000t}{section.3.8}% 53
\BOOKMARK [2][-]{subsection.3.9.1}{\376\377\000O\000v\000e\000r\000v\000i\000e\000w}{section.3.9}% 54
\BOOKMARK [2][-]{subsection.3.9.2}{\376\377\000T\000o\000k\000e\000n\000-\000B\000a\000s\000e\000d\000\040\000A\000u\000t\000h\000e\000n\000t\000i\000c\000a\000t\000i\000o\000n}{section.3.9}% 55
\BOOKMARK [2][-]{subsection.3.9.3}{\376\377\000A\000u\000t\000h\000e\000n\000t\000i\000c\000a\000t\000i\000o\000n\000\040\000F\000l\000o\000w\000s}{section.3.9}% 56
\BOOKMARK [2][-]{subsection.3.9.4}{\376\377\000R\000o\000l\000e\000s\000\040\000a\000n\000d\000\040\000R\000e\000a\000l\000m\000\040\000C\000o\000n\000f\000i\000g\000u\000r\000a\000t\000i\000o\000n}{section.3.9}% 57
\BOOKMARK [1][-]{section.3.10}{\376\377\000E\000x\000p\000l\000i\000c\000i\000t\000\040\000A\000u\000t\000h\000o\000r\000i\000z\000a\000t\000i\000o\000n\000\040\000L\000a\000y\000e\000r\000\040\000\050\000R\000B\000A\000C\000\051}{section.3.8}% 58
\BOOKMARK [2][-]{subsection.3.10.1}{\376\377\000D\000e\000s\000i\000g\000n}{section.3.10}% 59
\BOOKMARK [2][-]{subsection.3.10.2}{\376\377\000P\000e\000r\000m\000i\000s\000s\000i\000o\000n\000s\000\040\000a\000s\000\040\000D\000a\000t\000a}{section.3.10}% 60
\BOOKMARK [2][-]{subsection.3.10.3}{\376\377\000O\000b\000j\000e\000c\000t\000-\000L\000e\000v\000e\000l\000\040\000A\000u\000t\000h\000o\000r\000i\000z\000a\000t\000i\000o\000n\000\040\000\050\000B\000O\000L\000A\000\051}{section.3.10}% 61
\BOOKMARK [2][-]{subsection.3.10.4}{\376\377\000R\000o\000l\000e\000-\000B\000a\000s\000e\000d\000\040\000U\000I}{section.3.10}% 62
\BOOKMARK [2][-]{subsection.3.10.5}{\376\377\000U\000n\000i\000t\000\040\000T\000e\000s\000t\000s}{section.3.10}% 63
\BOOKMARK [1][-]{section.3.11}{\376\377\000A\000P\000I\000\040\000H\000a\000r\000d\000e\000n\000i\000n\000g\000\040\040\023\000\040\000O\000W\000A\000S\000P\000\040\000A\000P\000I\000\040\000T\000o\000p\000\040\0001\0000\000\040\000\050\0002\0000\0002\0003\000\051}{section.3.8}% 64
\BOOKMARK [1][-]{section.3.12}{\376\377\000P\000e\000r\000i\000m\000e\000t\000e\000r\000\040\000D\000e\000f\000e\000n\000s\000e}{section.3.8}% 65
\BOOKMARK [2][-]{subsection.3.12.1}{\376\377\000N\000g\000i\000n\000x\000\040\000+\000\040\000M\000o\000d\000S\000e\000c\000u\000r\000i\000t\000y\000\040\000C\000R\000S}{section.3.12}% 66
\BOOKMARK [2][-]{subsection.3.12.2}{\376\377\000C\000R\000S\000\040\000T\000u\000n\000i\000n\000g\000\040\000a\000n\000d\000\040\000F\000a\000l\000s\000e\000\040\000P\000o\000s\000i\000t\000i\000v\000e\000s}{section.3.12}% 67
\BOOKMARK [1][-]{section.3.13}{\376\377\000Z\000e\000r\000o\000\040\000T\000r\000u\000s\000t\000\040\000A\000r\000c\000h\000i\000t\000e\000c\000t\000u\000r\000e\000\040\000F\000r\000a\000m\000i\000n\000g}{section.3.8}% 68
\BOOKMARK [2][-]{subsection.3.13.1}{\376\377\000N\000I\000S\000T\000\040\000S\000P\000\040\0008\0000\0000\000-\0002\0000\0007\000\040\000C\000o\000m\000p\000o\000n\000e\000n\000t\000s}{section.3.13}% 69
\BOOKMARK [2][-]{subsection.3.13.2}{\376\377\000N\000I\000S\000T\000\040\000S\000P\000\040\0008\0000\0000\000-\0002\0000\0007\000\040\000\247\0002\000.\0001\000\040\040\023\000\040\000S\000e\000v\000e\000n\000\040\000T\000e\000n\000e\000t\000s\000\040\000M\000a\000p\000p\000i\000n\000g}{section.3.13}% 70
\BOOKMARK [1][-]{section.3.14}{\376\377\000A\000b\000u\000s\000e\000\040\000S\000t\000o\000r\000y\000\040\000R\000e\000g\000r\000e\000s\000s\000i\000o\000n}{section.3.8}% 71
\BOOKMARK [2][-]{subsection.3.14.1}{\376\377\000R\000e\000g\000r\000e\000s\000s\000i\000o\000n\000\040\000E\000v\000i\000d\000e\000n\000c\000e}{section.3.14}% 72
\BOOKMARK [2][-]{subsection.3.14.2}{\376\377\000R\000e\000g\000r\000e\000s\000s\000i\000o\000n\000\040\000S\000u\000m\000m\000a\000r\000y}{section.3.14}% 73
\BOOKMARK [1][-]{section.3.15}{\376\377\000S\000A\000S\000T\000\040\000R\000e\000-\000A\000s\000s\000e\000s\000s\000m\000e\000n\000t}{section.3.8}% 74
\BOOKMARK [2][-]{subsection.3.15.1}{\376\377\000P\000a\000r\000t\000\040\0001\000\040\000B\000a\000s\000e\000l\000i\000n\000e}{section.3.15}% 75
\BOOKMARK [2][-]{subsection.3.15.2}{\376\377\000P\000a\000r\000t\000\040\0002\000\040\000R\000e\000s\000u\000l\000t\000s}{section.3.15}% 76
\BOOKMARK [1][-]{section.3.16}{\376\377\000D\000A\000S\000T\000\040\000R\000e\000-\000A\000s\000s\000e\000s\000s\000m\000e\000n\000t}{section.3.8}% 77
\BOOKMARK [2][-]{subsection.3.16.1}{\376\377\000S\000c\000a\000n\000\040\000C\000o\000n\000f\000i\000g\000u\000r\000a\000t\000i\000o\000n}{section.3.16}% 78
\BOOKMARK [2][-]{subsection.3.16.2}{\376\377\000P\000a\000r\000t\000\040\0001\000\040\000B\000a\000s\000e\000l\000i\000n\000e}{section.3.16}% 79
\BOOKMARK [2][-]{subsection.3.16.3}{\376\377\000P\000a\000r\000t\000\040\0002\000\040\000R\000e\000s\000u\000l\000t\000s}{section.3.16}% 80
\BOOKMARK [2][-]{subsection.3.16.4}{\376\377\000W\000A\000F\000\040\000v\000s\000\040\000N\000o\000\040\000W\000A\000F\000\040\000\050\000N\000i\000g\000h\000t\000l\000y\000\051}{section.3.16}% 81
\BOOKMARK [1][-]{section.3.17}{\376\377\000F\000u\000t\000u\000r\000e\000\040\000W\000o\000r\000k}{section.3.8}% 82
\BOOKMARK [1][-]{section.3.18}{\376\377\000C\000o\000n\000c\000l\000u\000s\000i\000o\000n}{section.3.8}% 83
